<?xml version="1.0" encoding="UTF-8"?>
<testng-results ignored="0" total="1" passed="1" failed="0" skipped="0">
  <reporter-output>
  </reporter-output>
  <suite started-at="2024-02-16T15:00:58 EET" name="Surefire suite" finished-at="2024-02-16T15:04:33 EET" duration-ms="214493">
    <groups>
      <group name="cucumber">
        <method signature="AbstractTestNGCucumberTests.runScenario(io.cucumber.testng.PickleWrapper,io.cucumber.testng.FeatureWrapper)[pri:0, instance:Runner@78e94dcf]" name="runScenario" class="io.cucumber.testng.AbstractTestNGCucumberTests"/>
      </group> <!-- cucumber -->
    </groups>
    <test started-at="2024-02-16T15:00:58 EET" name="Surefire test" finished-at="2024-02-16T15:04:33 EET" duration-ms="214493">
      <class name="Runner">
        <test-method is-config="true" signature="setUpClass(org.testng.ITestContext)[pri:0, instance:Runner@78e94dcf]" started-at="2024-02-16T15:00:58 EET" name="setUpClass" finished-at="2024-02-16T15:00:58 EET" duration-ms="86" status="PASS">
          <params>
            <param index="0">
              <value>
                <![CDATA[org.testng.TestRunner@6c538eb2]]>
              </value>
            </param>
          </params>
          <reporter-output>
          </reporter-output>
        </test-method> <!-- setUpClass -->
        <test-method signature="runScenario(io.cucumber.testng.PickleWrapper,io.cucumber.testng.FeatureWrapper)[pri:0, instance:Runner@78e94dcf]" started-at="2024-02-16T15:00:58 EET" name="runScenario" description="Runs Cucumber Scenarios" data-provider="scenarios" finished-at="2024-02-16T15:04:33 EET" duration-ms="214171" status="PASS">
          <params>
            <param index="0">
              <value>
                <![CDATA["As a  user I want to be able to reserve a car"]]>
              </value>
            </param>
            <param index="1">
              <value>
                <![CDATA["Optional[car reservation]"]]>
              </value>
            </param>
          </params>
          <reporter-output>
          </reporter-output>
        </test-method> <!-- runScenario -->
        <test-method is-config="true" signature="driverKiller()[pri:0, instance:Runner@78e94dcf]" started-at="2024-02-16T15:04:33 EET" name="driverKiller" finished-at="2024-02-16T15:04:33 EET" duration-ms="186" status="PASS">
          <reporter-output>
          </reporter-output>
        </test-method> <!-- driverKiller -->
        <test-method is-config="true" signature="tearDownClass()[pri:0, instance:Runner@78e94dcf]" started-at="2024-02-16T15:04:33 EET" name="tearDownClass" finished-at="2024-02-16T15:04:33 EET" duration-ms="6" status="PASS">
          <reporter-output>
          </reporter-output>
        </test-method> <!-- tearDownClass -->
      </class> <!-- Runner -->
    </test> <!-- Surefire test -->
  </suite> <!-- Surefire suite -->
</testng-results>
